{"/Users/rentheria/Documents/code-challenge/AlphanumericStringSort/src/assets/functions.ts": {"path":"/Users/rentheria/Documents/code-challenge/AlphanumericStringSort/src/assets/functions.ts","statementMap":{"0":{"start":{"line":4,"column":33},"end":{"line":8,"column":6}},"1":{"start":{"line":10,"column":4},"end":{"line":18,"column":5}},"2":{"start":{"line":11,"column":8},"end":{"line":17,"column":9}},"3":{"start":{"line":12,"column":12},"end":{"line":12,"column":38}},"4":{"start":{"line":13,"column":15},"end":{"line":17,"column":9}},"5":{"start":{"line":14,"column":12},"end":{"line":14,"column":38}},"6":{"start":{"line":16,"column":12},"end":{"line":16,"column":48}},"7":{"start":{"line":20,"column":4},"end":{"line":20,"column":18}},"8":{"start":{"line":3,"column":0},"end":{"line":3,"column":16}},"9":{"start":{"line":24,"column":4},"end":{"line":24,"column":33}},"10":{"start":{"line":23,"column":0},"end":{"line":23,"column":16}},"11":{"start":{"line":28,"column":4},"end":{"line":28,"column":30}},"12":{"start":{"line":27,"column":0},"end":{"line":27,"column":16}},"13":{"start":{"line":32,"column":27},"end":{"line":32,"column":41}},"14":{"start":{"line":33,"column":4},"end":{"line":33,"column":37}},"15":{"start":{"line":31,"column":0},"end":{"line":31,"column":16}},"16":{"start":{"line":37,"column":21},"end":{"line":37,"column":66}},"17":{"start":{"line":37,"column":47},"end":{"line":37,"column":65}},"18":{"start":{"line":38,"column":4},"end":{"line":40,"column":5}},"19":{"start":{"line":39,"column":8},"end":{"line":39,"column":36}},"20":{"start":{"line":41,"column":22},"end":{"line":41,"column":50}},"21":{"start":{"line":42,"column":23},"end":{"line":42,"column":48}},"22":{"start":{"line":44,"column":4},"end":{"line":44,"column":40}},"23":{"start":{"line":36,"column":0},"end":{"line":36,"column":16}},"24":{"start":{"line":48,"column":4},"end":{"line":55,"column":7}},"25":{"start":{"line":49,"column":21},"end":{"line":49,"column":32}},"26":{"start":{"line":50,"column":21},"end":{"line":50,"column":32}},"27":{"start":{"line":51,"column":8},"end":{"line":53,"column":9}},"28":{"start":{"line":52,"column":12},"end":{"line":52,"column":39}},"29":{"start":{"line":54,"column":8},"end":{"line":54,"column":27}},"30":{"start":{"line":47,"column":0},"end":{"line":47,"column":16}},"31":{"start":{"line":59,"column":4},"end":{"line":59,"column":38}},"32":{"start":{"line":59,"column":28},"end":{"line":59,"column":38}},"33":{"start":{"line":61,"column":52},"end":{"line":61,"column":77}},"34":{"start":{"line":62,"column":26},"end":{"line":62,"column":46}},"35":{"start":{"line":63,"column":26},"end":{"line":63,"column":46}},"36":{"start":{"line":65,"column":4},"end":{"line":65,"column":88}},"37":{"start":{"line":58,"column":0},"end":{"line":58,"column":16}}},"fnMap":{"0":{"name":"separateCharacters","decl":{"start":{"line":3,"column":16},"end":{"line":3,"column":34}},"loc":{"start":{"line":3,"column":48},"end":{"line":21,"column":1}}},"1":{"name":"isLetter","decl":{"start":{"line":23,"column":16},"end":{"line":23,"column":24}},"loc":{"start":{"line":23,"column":37},"end":{"line":25,"column":1}}},"2":{"name":"isNumber","decl":{"start":{"line":27,"column":16},"end":{"line":27,"column":24}},"loc":{"start":{"line":27,"column":37},"end":{"line":29,"column":1}}},"3":{"name":"sortLetters","decl":{"start":{"line":31,"column":16},"end":{"line":31,"column":27}},"loc":{"start":{"line":31,"column":45},"end":{"line":34,"column":1}}},"4":{"name":"sortByCase","decl":{"start":{"line":36,"column":16},"end":{"line":36,"column":26}},"loc":{"start":{"line":36,"column":39},"end":{"line":45,"column":1}}},"5":{"name":"(anonymous_5)","decl":{"start":{"line":37,"column":39},"end":{"line":37,"column":43}},"loc":{"start":{"line":37,"column":47},"end":{"line":37,"column":65}}},"6":{"name":"sortNumbers","decl":{"start":{"line":47,"column":16},"end":{"line":47,"column":27}},"loc":{"start":{"line":47,"column":45},"end":{"line":56,"column":1}}},"7":{"name":"(anonymous_7)","decl":{"start":{"line":48,"column":24},"end":{"line":48,"column":25}},"loc":{"start":{"line":48,"column":33},"end":{"line":55,"column":5}}},"8":{"name":"sortString","decl":{"start":{"line":58,"column":16},"end":{"line":58,"column":26}},"loc":{"start":{"line":58,"column":40},"end":{"line":66,"column":1}}}},"branchMap":{"0":{"loc":{"start":{"line":11,"column":8},"end":{"line":17,"column":9}},"type":"if","locations":[{"start":{"line":11,"column":8},"end":{"line":17,"column":9}},{"start":{"line":13,"column":15},"end":{"line":17,"column":9}}]},"1":{"loc":{"start":{"line":13,"column":15},"end":{"line":17,"column":9}},"type":"if","locations":[{"start":{"line":13,"column":15},"end":{"line":17,"column":9}},{"start":{"line":15,"column":15},"end":{"line":17,"column":9}}]},"2":{"loc":{"start":{"line":38,"column":4},"end":{"line":40,"column":5}},"type":"if","locations":[{"start":{"line":38,"column":4},"end":{"line":40,"column":5}}]},"3":{"loc":{"start":{"line":51,"column":8},"end":{"line":53,"column":9}},"type":"if","locations":[{"start":{"line":51,"column":8},"end":{"line":53,"column":9}}]},"4":{"loc":{"start":{"line":59,"column":4},"end":{"line":59,"column":38}},"type":"if","locations":[{"start":{"line":59,"column":4},"end":{"line":59,"column":38}}]}},"s":{"0":2,"1":2,"2":40,"3":24,"4":16,"5":6,"6":10,"7":2,"8":1,"9":40,"10":1,"11":16,"12":1,"13":2,"14":2,"15":1,"16":2,"17":12,"18":2,"19":0,"20":2,"21":2,"22":2,"23":1,"24":2,"25":8,"26":8,"27":8,"28":6,"29":2,"30":1,"31":2,"32":1,"33":1,"34":1,"35":1,"36":1,"37":1},"f":{"0":2,"1":40,"2":16,"3":2,"4":2,"5":12,"6":2,"7":8,"8":2},"b":{"0":[24,16],"1":[6,10],"2":[0],"3":[6],"4":[1]}}
}
