TN:
SF:assets/functions.ts
FN:3,separateCharacters
FN:23,isLetter
FN:27,isNumber
FN:31,sortLetters
FN:36,sortByCase
FN:37,(anonymous_5)
FN:47,sortNumbers
FN:48,(anonymous_7)
FN:58,sortString
FNF:9
FNH:9
FNDA:2,separateCharacters
FNDA:40,isLetter
FNDA:16,isNumber
FNDA:2,sortLetters
FNDA:2,sortByCase
FNDA:12,(anonymous_5)
FNDA:2,sortNumbers
FNDA:8,(anonymous_7)
FNDA:2,sortString
DA:3,1
DA:4,2
DA:10,2
DA:11,40
DA:12,24
DA:13,16
DA:14,6
DA:16,10
DA:20,2
DA:23,1
DA:24,40
DA:27,1
DA:28,16
DA:31,1
DA:32,2
DA:33,2
DA:36,1
DA:37,12
DA:38,2
DA:39,0
DA:41,2
DA:42,2
DA:44,2
DA:47,1
DA:48,2
DA:49,8
DA:50,8
DA:51,8
DA:52,6
DA:54,2
DA:58,1
DA:59,2
DA:61,1
DA:62,1
DA:63,1
DA:65,1
LF:36
LH:35
BRDA:11,0,0,24
BRDA:11,0,1,16
BRDA:13,1,0,6
BRDA:13,1,1,10
BRDA:38,2,0,0
BRDA:51,3,0,6
BRDA:59,4,0,1
BRF:7
BRH:6
end_of_record
