{"/Users/rentheria/Documents/code-challenge/pascal-triangle/pascal.js": {"path":"/Users/rentheria/Documents/code-challenge/pascal-triangle/pascal.js","statementMap":{"0":{"start":{"line":2,"column":4},"end":{"line":4,"column":5}},"1":{"start":{"line":3,"column":8},"end":{"line":3,"column":18}},"2":{"start":{"line":6,"column":21},"end":{"line":6,"column":26}},"3":{"start":{"line":8,"column":4},"end":{"line":18,"column":5}},"4":{"start":{"line":8,"column":17},"end":{"line":8,"column":18}},"5":{"start":{"line":9,"column":24},"end":{"line":9,"column":39}},"6":{"start":{"line":10,"column":27},"end":{"line":10,"column":30}},"7":{"start":{"line":12,"column":8},"end":{"line":14,"column":9}},"8":{"start":{"line":12,"column":21},"end":{"line":12,"column":22}},"9":{"start":{"line":13,"column":12},"end":{"line":13,"column":57}},"10":{"start":{"line":16,"column":8},"end":{"line":16,"column":27}},"11":{"start":{"line":17,"column":8},"end":{"line":17,"column":34}},"12":{"start":{"line":20,"column":4},"end":{"line":20,"column":20}},"13":{"start":{"line":24,"column":4},"end":{"line":26,"column":5}},"14":{"start":{"line":25,"column":8},"end":{"line":25,"column":14}},"15":{"start":{"line":27,"column":22},"end":{"line":27,"column":102}},"16":{"start":{"line":28,"column":4},"end":{"line":31,"column":7}},"17":{"start":{"line":29,"column":24},"end":{"line":29,"column":78}},"18":{"start":{"line":30,"column":8},"end":{"line":30,"column":123}},"19":{"start":{"line":30,"column":51},"end":{"line":30,"column":85}},"20":{"start":{"line":34,"column":16},"end":{"line":34,"column":17}},"21":{"start":{"line":35,"column":24},"end":{"line":35,"column":56}},"22":{"start":{"line":36,"column":0},"end":{"line":36,"column":32}},"23":{"start":{"line":38,"column":0},"end":{"line":41,"column":2}}},"fnMap":{"0":{"name":"generatePascalsTriangle","decl":{"start":{"line":1,"column":9},"end":{"line":1,"column":32}},"loc":{"start":{"line":1,"column":42},"end":{"line":21,"column":1}},"line":1},"1":{"name":"prinitTriangle","decl":{"start":{"line":23,"column":9},"end":{"line":23,"column":23}},"loc":{"start":{"line":23,"column":34},"end":{"line":32,"column":1}},"line":23},"2":{"name":"(anonymous_2)","decl":{"start":{"line":28,"column":21},"end":{"line":28,"column":22}},"loc":{"start":{"line":28,"column":40},"end":{"line":31,"column":5}},"line":28},"3":{"name":"(anonymous_3)","decl":{"start":{"line":30,"column":44},"end":{"line":30,"column":45}},"loc":{"start":{"line":30,"column":51},"end":{"line":30,"column":85}},"line":30}},"branchMap":{"0":{"loc":{"start":{"line":2,"column":4},"end":{"line":4,"column":5}},"type":"if","locations":[{"start":{"line":2,"column":4},"end":{"line":4,"column":5}},{"start":{},"end":{}}],"line":2},"1":{"loc":{"start":{"line":24,"column":4},"end":{"line":26,"column":5}},"type":"if","locations":[{"start":{"line":24,"column":4},"end":{"line":26,"column":5}},{"start":{},"end":{}}],"line":24}},"s":{"0":4,"1":2,"2":2,"3":2,"4":2,"5":9,"6":9,"7":9,"8":9,"9":16,"10":9,"11":9,"12":2,"13":1,"14":0,"15":1,"16":1,"17":6,"18":6,"19":21,"20":1,"21":1,"22":1,"23":1},"f":{"0":4,"1":1,"2":6,"3":21},"b":{"0":[2,2],"1":[0,1]},"_coverageSchema":"1a1c01bbd47fc00a2c39e90264f33305004495a9","hash":"1f3af3965f816f3f3e746f56adf855f28069229d"}
}
