<?xml version="1.0" encoding="UTF-8"?>
<coverage generated="1709148316171" clover="3.2.0">
  <project timestamp="1709148316171" name="All files">
    <metrics statements="27" coveredstatements="27" conditionals="10" coveredconditionals="10" methods="5" coveredmethods="5" elements="42" coveredelements="42" complexity="0" loc="27" ncloc="27" packages="1" files="2" classes="2"/>
    <file name="functions.ts" path="/Users/rentheria/Documents/code-challenge/balanced-parentheses/src/assets/functions.ts">
      <metrics statements="26" coveredstatements="26" conditionals="10" coveredconditionals="10" methods="5" coveredmethods="5"/>
      <line num="1" count="1" type="stmt"/>
      <line num="2" count="14" type="cond" truecount="1" falsecount="0"/>
      <line num="3" count="13" type="cond" truecount="1" falsecount="0"/>
      <line num="4" count="12" type="cond" truecount="1" falsecount="0"/>
      <line num="5" count="7" type="cond" truecount="1" falsecount="0"/>
      <line num="8" count="1" type="stmt"/>
      <line num="9" count="24" type="stmt"/>
      <line num="11" count="24" type="stmt"/>
      <line num="12" count="242" type="cond" truecount="2" falsecount="0"/>
      <line num="13" count="23" type="stmt"/>
      <line num="14" count="219" type="cond" truecount="1" falsecount="0"/>
      <line num="16" count="22" type="cond" truecount="2" falsecount="0"/>
      <line num="17" count="7" type="stmt"/>
      <line num="20" count="15" type="stmt"/>
      <line num="26" count="2" type="stmt"/>
      <line num="29" count="1" type="stmt"/>
      <line num="30" count="24" type="stmt"/>
      <line num="33" count="1" type="stmt"/>
      <line num="34" count="20" type="stmt"/>
      <line num="35" count="20" type="stmt"/>
      <line num="36" count="20" type="stmt"/>
      <line num="39" count="1" type="stmt"/>
      <line num="40" count="44" type="stmt"/>
      <line num="41" count="44" type="stmt"/>
      <line num="42" count="672" type="cond" truecount="1" falsecount="0"/>
      <line num="44" count="44" type="stmt"/>
    </file>
    <file name="text.ts" path="/Users/rentheria/Documents/code-challenge/balanced-parentheses/src/assets/text.ts">
      <metrics statements="1" coveredstatements="1" conditionals="0" coveredconditionals="0" methods="0" coveredmethods="0"/>
      <line num="1" count="1" type="stmt"/>
    </file>
  </project>
</coverage>
