{"/Users/rentheria/Documents/code-challenge/balanced-parentheses/src/assets/functions.ts": {"path":"/Users/rentheria/Documents/code-challenge/balanced-parentheses/src/assets/functions.ts","statementMap":{"0":{"start":{"line":2,"column":4},"end":{"line":2,"column":41}},"1":{"start":{"line":2,"column":28},"end":{"line":2,"column":41}},"2":{"start":{"line":3,"column":4},"end":{"line":3,"column":54}},"3":{"start":{"line":3,"column":41},"end":{"line":3,"column":54}},"4":{"start":{"line":4,"column":4},"end":{"line":4,"column":62}},"5":{"start":{"line":4,"column":49},"end":{"line":4,"column":62}},"6":{"start":{"line":5,"column":4},"end":{"line":5,"column":47}},"7":{"start":{"line":5,"column":35},"end":{"line":5,"column":47}},"8":{"start":{"line":1,"column":0},"end":{"line":1,"column":16}},"9":{"start":{"line":9,"column":34},"end":{"line":9,"column":39}},"10":{"start":{"line":11,"column":4},"end":{"line":23,"column":5}},"11":{"start":{"line":12,"column":8},"end":{"line":22,"column":9}},"12":{"start":{"line":13,"column":12},"end":{"line":13,"column":43}},"13":{"start":{"line":14,"column":15},"end":{"line":22,"column":9}},"14":{"start":{"line":16,"column":12},"end":{"line":21,"column":13}},"15":{"start":{"line":17,"column":16},"end":{"line":17,"column":29}},"16":{"start":{"line":20,"column":16},"end":{"line":20,"column":28}},"17":{"start":{"line":26,"column":4},"end":{"line":26,"column":17}},"18":{"start":{"line":8,"column":0},"end":{"line":8,"column":16}},"19":{"start":{"line":30,"column":4},"end":{"line":30,"column":31}},"20":{"start":{"line":29,"column":0},"end":{"line":29,"column":16}},"21":{"start":{"line":34,"column":28},"end":{"line":34,"column":56}},"22":{"start":{"line":35,"column":29},"end":{"line":35,"column":57}},"23":{"start":{"line":36,"column":4},"end":{"line":36,"column":48}},"24":{"start":{"line":33,"column":0},"end":{"line":33,"column":16}},"25":{"start":{"line":40,"column":17},"end":{"line":40,"column":18}},"26":{"start":{"line":41,"column":4},"end":{"line":43,"column":5}},"27":{"start":{"line":42,"column":8},"end":{"line":42,"column":42}},"28":{"start":{"line":42,"column":34},"end":{"line":42,"column":42}},"29":{"start":{"line":44,"column":4},"end":{"line":44,"column":17}},"30":{"start":{"line":39,"column":0},"end":{"line":39,"column":16}}},"fnMap":{"0":{"name":"validateParentheses","decl":{"start":{"line":1,"column":16},"end":{"line":1,"column":35}},"loc":{"start":{"line":1,"column":49},"end":{"line":6,"column":1}}},"1":{"name":"containsFirstOpeningParenthesis","decl":{"start":{"line":8,"column":16},"end":{"line":8,"column":47}},"loc":{"start":{"line":8,"column":61},"end":{"line":27,"column":1}}},"2":{"name":"containsOpenParentheses","decl":{"start":{"line":29,"column":16},"end":{"line":29,"column":39}},"loc":{"start":{"line":29,"column":53},"end":{"line":31,"column":1}}},"3":{"name":"compareParentheses","decl":{"start":{"line":33,"column":16},"end":{"line":33,"column":34}},"loc":{"start":{"line":33,"column":48},"end":{"line":37,"column":1}}},"4":{"name":"countParentheses","decl":{"start":{"line":39,"column":16},"end":{"line":39,"column":32}},"loc":{"start":{"line":39,"column":67},"end":{"line":45,"column":1}}}},"branchMap":{"0":{"loc":{"start":{"line":2,"column":4},"end":{"line":2,"column":41}},"type":"if","locations":[{"start":{"line":2,"column":4},"end":{"line":2,"column":41}}]},"1":{"loc":{"start":{"line":3,"column":4},"end":{"line":3,"column":54}},"type":"if","locations":[{"start":{"line":3,"column":4},"end":{"line":3,"column":54}}]},"2":{"loc":{"start":{"line":4,"column":4},"end":{"line":4,"column":62}},"type":"if","locations":[{"start":{"line":4,"column":4},"end":{"line":4,"column":62}}]},"3":{"loc":{"start":{"line":5,"column":4},"end":{"line":5,"column":47}},"type":"if","locations":[{"start":{"line":5,"column":4},"end":{"line":5,"column":47}}]},"4":{"loc":{"start":{"line":12,"column":8},"end":{"line":22,"column":9}},"type":"if","locations":[{"start":{"line":12,"column":8},"end":{"line":22,"column":9}},{"start":{"line":14,"column":15},"end":{"line":22,"column":9}}]},"5":{"loc":{"start":{"line":14,"column":15},"end":{"line":22,"column":9}},"type":"if","locations":[{"start":{"line":14,"column":15},"end":{"line":22,"column":9}}]},"6":{"loc":{"start":{"line":16,"column":12},"end":{"line":21,"column":13}},"type":"if","locations":[{"start":{"line":16,"column":12},"end":{"line":21,"column":13}},{"start":{"line":18,"column":19},"end":{"line":21,"column":13}}]},"7":{"loc":{"start":{"line":42,"column":8},"end":{"line":42,"column":42}},"type":"if","locations":[{"start":{"line":42,"column":8},"end":{"line":42,"column":42}}]}},"s":{"0":14,"1":1,"2":13,"3":1,"4":12,"5":5,"6":7,"7":6,"8":1,"9":24,"10":24,"11":242,"12":23,"13":219,"14":22,"15":7,"16":15,"17":2,"18":1,"19":24,"20":1,"21":20,"22":20,"23":20,"24":1,"25":44,"26":44,"27":672,"28":67,"29":44,"30":1},"f":{"0":14,"1":24,"2":24,"3":20,"4":44},"b":{"0":[1],"1":[1],"2":[5],"3":[6],"4":[23,219],"5":[22],"6":[7,15],"7":[67]}}
,"/Users/rentheria/Documents/code-challenge/balanced-parentheses/src/assets/text.ts": {"path":"/Users/rentheria/Documents/code-challenge/balanced-parentheses/src/assets/text.ts","statementMap":{"0":{"start":{"line":1,"column":13},"end":{"line":11,"column":2}}},"fnMap":{},"branchMap":{},"s":{"0":1},"f":{},"b":{}}
}
