TN:
SF:assets/functions.ts
FN:1,validateParentheses
FN:8,containsFirstOpeningParenthesis
FN:29,containsOpenParentheses
FN:33,compareParentheses
FN:39,countParentheses
FNF:5
FNH:5
FNDA:14,validateParentheses
FNDA:24,containsFirstOpeningParenthesis
FNDA:24,containsOpenParentheses
FNDA:20,compareParentheses
FNDA:44,countParentheses
DA:1,1
DA:2,14
DA:3,13
DA:4,12
DA:5,7
DA:8,1
DA:9,24
DA:11,24
DA:12,242
DA:13,23
DA:14,219
DA:16,22
DA:17,7
DA:20,15
DA:26,2
DA:29,1
DA:30,24
DA:33,1
DA:34,20
DA:35,20
DA:36,20
DA:39,1
DA:40,44
DA:41,44
DA:42,672
DA:44,44
LF:26
LH:26
BRDA:2,0,0,1
BRDA:3,1,0,1
BRDA:4,2,0,5
BRDA:5,3,0,6
BRDA:12,4,0,23
BRDA:12,4,1,219
BRDA:14,5,0,22
BRDA:16,6,0,7
BRDA:16,6,1,15
BRDA:42,7,0,67
BRF:10
BRH:10
end_of_record
TN:
SF:assets/text.ts
FNF:0
FNH:0
DA:1,1
LF:1
LH:1
BRF:0
BRH:0
end_of_record
